<?xml version="1.0" encoding="UTF-8"?>
<testng-results ignored="0" total="1" passed="1" failed="0" skipped="0">
  <reporter-output>
  </reporter-output>
  <suite started-at="2022-09-03T01:28:53 CDT" name="Default suite" finished-at="2022-09-03T01:29:10 CDT" duration-ms="17265">
    <groups>
    </groups>
    <test started-at="2022-09-03T01:28:53 CDT" name="Default test" finished-at="2022-09-03T01:29:10 CDT" duration-ms="17265">
      <class name="test.AddCustomerTest">
        <test-method signature="ValidUserShouldBeAbleToLogin()[pri:0, instance:test.AddCustomerTest@59af0466]" started-at="2022-09-03T01:28:53 CDT" name="ValidUserShouldBeAbleToLogin" finished-at="2022-09-03T01:29:10 CDT" duration-ms="17207" status="PASS">
          <reporter-output>
          </reporter-output>
        </test-method> <!-- ValidUserShouldBeAbleToLogin -->
      </class> <!-- test.AddCustomerTest -->
    </test> <!-- Default test -->
  </suite> <!-- Default suite -->
</testng-results>
